{
  "RSpec": {
    "coverage": {
      "/Users/angela/Documents/RubyMine Projects/playground/todo_list/config/environment.rb": [
        null,
        1,
        null,
        null,
        1
      ],
      "/Users/angela/Documents/RubyMine Projects/playground/todo_list/config/application.rb": [
        1,
        null,
        1,
        null,
        1,
        null,
        1,
        null,
        null,
        null,
        null,
        1,
        1,
        null,
        null,
        null,
        null,
        null,
        null,
        null,
        null,
        null,
        null,
        null,
        null,
        null,
        null,
        null,
        null,
        null,
        null,
        null,
        null,
        null,
        null,
        null,
        1,
        null,
        null,
        1,
        null,
        null,
        1,
        null,
        null,
        null,
        null,
        null,
        null,
        null,
        null,
        null,
        null,
        1,
        null,
        null,
        1,
        null,
        null,
        1,
        null,
        null
      ],
      "/Users/angela/Documents/RubyMine Projects/playground/todo_list/config/boot.rb": [
        1,
        null,
        null,
        1,
        null,
        1
      ],
      "/Users/angela/Documents/RubyMine Projects/playground/todo_list/config/environments/test.rb": [
        1,
        null,
        null,
        null,
        null,
        null,
        null,
        1,
        null,
        null,
        1,
        1,
        null,
        null,
        1,
        null,
        null,
        1,
        1,
        null,
        null,
        1,
        null,
        null,
        1,
        null,
        null,
        null,
        null,
        1,
        null,
        null,
        1,
        null,
        null,
        1,
        null
      ],
      "/Users/angela/Documents/RubyMine Projects/playground/todo_list/config/initializers/backtrace_silencers.rb": [
        null,
        null,
        null,
        null,
        null,
        null,
        null
      ],
      "/Users/angela/Documents/RubyMine Projects/playground/todo_list/config/initializers/inflections.rb": [
        null,
        null,
        null,
        null,
        null,
        null,
        null,
        null,
        null,
        null,
        null,
        null,
        null,
        null,
        null
      ],
      "/Users/angela/Documents/RubyMine Projects/playground/todo_list/config/initializers/mime_types.rb": [
        null,
        null,
        null,
        null,
        null
      ],
      "/Users/angela/Documents/RubyMine Projects/playground/todo_list/config/initializers/secret_token.rb": [
        null,
        null,
        null,
        null,
        null,
        null,
        1
      ],
      "/Users/angela/Documents/RubyMine Projects/playground/todo_list/config/initializers/session_store.rb": [
        null,
        null,
        1,
        null,
        null,
        null,
        null,
        null
      ],
      "/Users/angela/Documents/RubyMine Projects/playground/todo_list/config/initializers/wrap_parameters.rb": [
        null,
        null,
        null,
        null,
        null,
        null,
        1,
        1,
        null,
        null,
        null,
        1,
        1,
        null
      ],
      "/Users/angela/Documents/RubyMine Projects/playground/todo_list/app/controllers/application_controller.rb": [
        1,
        1,
        null
      ],
      "/Users/angela/Documents/RubyMine Projects/playground/todo_list/app/helpers/application_helper.rb": [
        1,
        null
      ],
      "/Users/angela/Documents/RubyMine Projects/playground/todo_list/app/helpers/example_helper.rb": [
        1,
        null
      ],
      "/Users/angela/Documents/RubyMine Projects/playground/todo_list/app/controllers/example_controller.rb": [
        1,
        1,
        null,
        null,
        1,
        null,
        null
      ],
      "/Users/angela/Documents/RubyMine Projects/playground/todo_list/app/models/example.rb": [
        1,
        1,
        1,
        1,
        null,
        null
      ],
      "/Users/angela/Documents/RubyMine Projects/playground/todo_list/config/routes.rb": [
        1,
        1,
        null,
        1,
        null,
        null,
        null,
        null,
        null,
        null,
        null,
        null,
        null,
        null,
        null,
        null,
        null,
        null,
        null,
        null,
        null,
        null,
        null,
        null,
        null,
        null,
        null,
        null,
        null,
        null,
        null,
        null,
        null,
        null,
        null,
        null,
        null,
        null,
        null,
        null,
        null,
        null,
        null,
        null,
        null,
        null,
        null,
        null,
        null,
        null,
        null,
        null,
        null,
        null,
        null,
        null,
        null,
        null,
        null,
        null,
        null,
        null
      ]
    },
    "timestamp": 1361841304
  }
}
